[debug] [2023-06-17T14:13:46.348Z] ----------------------------------------------------------------------
[debug] [2023-06-17T14:13:46.352Z] Command:       C:\Program Files\nodejs\node.exe C:\Users\Asus\AppData\Roaming\npm\node_modules\firebase-tools\bin\firebase init
[debug] [2023-06-17T14:13:46.352Z] CLI Version:   3.16.0
[debug] [2023-06-17T14:13:46.352Z] Platform:      win32
[debug] [2023-06-17T14:13:46.353Z] Node Version:  v16.13.1
[debug] [2023-06-17T14:13:46.355Z] Time:          Sat Jun 17 2023 16:13:46 GMT+0200 (Central European Summer Time)
[debug] [2023-06-17T14:13:46.355Z] ----------------------------------------------------------------------
[debug] 
[debug] [2023-06-17T14:13:46.376Z] > command requires scopes: ["email","openid","https://www.googleapis.com/auth/cloudplatformprojects.readonly","https://www.googleapis.com/auth/firebase"]
[debug] [2023-06-17T14:13:46.377Z] > authorizing via signed-in user
[info] 
     ######## #### ########  ######## ########     ###     ######  ########
     ##        ##  ##     ## ##       ##     ##  ##   ##  ##       ##
     ######    ##  ########  ######   ########  #########  ######  ######
     ##        ##  ##    ##  ##       ##     ## ##     ##       ## ##
     ##       #### ##     ## ######## ########  ##     ##  ######  ########

You're about to initialize a Firebase project in this directory:

  D:\OneDrive\Desktop\BITBelgrade\React\Blog App with React and Firebase\blog-app

Before we get started, keep in mind:

  * You are initializing in an existing Firebase project directory

[info] 
=== Project Setup
[info] 
[info] First, let's associate this project directory with a Firebase project.
[info] You can create multiple project aliases by running firebase use --add, 
[info] but for now we'll just set up a default project.
[info] 
[debug] [2023-06-17T14:14:17.595Z] > refreshing access token with scopes: ["email","https://www.googleapis.com/auth/cloudplatformprojects.readonly","https://www.googleapis.com/auth/firebase","openid"]
[debug] [2023-06-17T14:14:17.596Z] >>> HTTP REQUEST POST https://www.googleapis.com/oauth2/v3/token  
 {
  refresh_token: '1//09FkrazQpHrasCgYIARAAGAkSNwF-L9IrCzbLjIvma9obwR8Ili2SL1z6Xeh_TLbI9SXM4eZmrM4JW80Q4IDvKa-9WDzWGJJ85Ks',
  client_id: '563584335869-fgrhgmd47bqnekij5i8b5pr03ho849e6.apps.googleusercontent.com',
  client_secret: 'j9iVZfS8kkCEFUPaAeJV0sAi',
  grant_type: 'refresh_token',
  scope: 'email https://www.googleapis.com/auth/cloudplatformprojects.readonly https://www.googleapis.com/auth/firebase openid'
} 
 Sat Jun 17 2023 16:14:17 GMT+0200 (Central European Summer Time)
[debug] [2023-06-17T14:14:17.828Z] <<< HTTP RESPONSE 200
[debug] [2023-06-17T14:14:17.835Z] >>> HTTP REQUEST GET https://admin.firebase.com/v1/projects  
  
 Sat Jun 17 2023 16:14:17 GMT+0200 (Central European Summer Time)
[debug] [2023-06-17T14:14:39.910Z] Error: connect ETIMEDOUT 104.197.85.31:443
    at TCPConnectWrap.afterConnect [as oncomplete] (node:net:1161:16)
[error] 
[error] Error: Server Error. connect ETIMEDOUT 104.197.85.31:443
